C:\USERS\ARAJ\DOCUMENTS\VISUAL STUDIO 2010\PROJECTS\AEONWAR\AEONWAR\DEBUG\AEONWAR.EXE.INTERMEDIATE.MANIFEST
C:\Users\Araj\Documents\Visual Studio 2010\Projects\AeonWar\AeonWar\Debug\cl.command.1.tlog
C:\Users\Araj\Documents\Visual Studio 2010\Projects\AeonWar\AeonWar\Debug\CL.read.1.tlog
C:\Users\Araj\Documents\Visual Studio 2010\Projects\AeonWar\AeonWar\Debug\CL.write.1.tlog
C:\USERS\ARAJ\DOCUMENTS\VISUAL STUDIO 2010\PROJECTS\AEONWAR\AEONWAR\DEBUG\GUIBUTTON.OBJ
C:\USERS\ARAJ\DOCUMENTS\VISUAL STUDIO 2010\PROJECTS\AEONWAR\AEONWAR\DEBUG\GUIOBJECT.OBJ
C:\USERS\ARAJ\DOCUMENTS\VISUAL STUDIO 2010\PROJECTS\AEONWAR\AEONWAR\DEBUG\IMG.OBJ
C:\Users\Araj\Documents\Visual Studio 2010\Projects\AeonWar\AeonWar\Debug\link.command.1.tlog
C:\Users\Araj\Documents\Visual Studio 2010\Projects\AeonWar\AeonWar\Debug\link.read.1.tlog
C:\Users\Araj\Documents\Visual Studio 2010\Projects\AeonWar\AeonWar\Debug\link.write.1.tlog
C:\USERS\ARAJ\DOCUMENTS\VISUAL STUDIO 2010\PROJECTS\AEONWAR\AEONWAR\DEBUG\MAIN.OBJ
C:\USERS\ARAJ\DOCUMENTS\VISUAL STUDIO 2010\PROJECTS\AEONWAR\AEONWAR\DEBUG\MAP.OBJ
C:\Users\Araj\Documents\Visual Studio 2010\Projects\AeonWar\AeonWar\Debug\mt.command.1.tlog
C:\Users\Araj\Documents\Visual Studio 2010\Projects\AeonWar\AeonWar\Debug\mt.read.1.tlog
C:\Users\Araj\Documents\Visual Studio 2010\Projects\AeonWar\AeonWar\Debug\mt.write.1.tlog
C:\USERS\ARAJ\DOCUMENTS\VISUAL STUDIO 2010\PROJECTS\AEONWAR\AEONWAR\DEBUG\TILE.OBJ
C:\Users\Araj\Documents\Visual Studio 2010\Projects\AeonWar\AeonWar\Debug\vc100.idb
C:\USERS\ARAJ\DOCUMENTS\VISUAL STUDIO 2010\PROJECTS\AEONWAR\AEONWAR\DEBUG\VC100.PDB
C:\USERS\ARAJ\DOCUMENTS\VISUAL STUDIO 2010\PROJECTS\AEONWAR\DEBUG\AEONWAR.EXE
C:\USERS\ARAJ\DOCUMENTS\VISUAL STUDIO 2010\PROJECTS\AEONWAR\DEBUG\AEONWAR.ILK
C:\USERS\ARAJ\DOCUMENTS\VISUAL STUDIO 2010\PROJECTS\AEONWAR\DEBUG\AEONWAR.PDB
