Compilación iniciada a las 03/04/2011 21:46:58.
     1>Proyecto "C:\Users\Araj\Documents\Visual Studio 2010\Projects\AeonWar\AeonWar\AeonWar.vcxproj" en el nodo 2 (build destinos).
     1>InitializeBuildStatus:
         Se creará "Debug\AeonWar.unsuccessfulbuild" porque se especificó "AlwaysCreate".
       ClCompile:
         C:\Program Files (x86)\Microsoft Visual Studio 10.0\VC\bin\CL.exe /c /ZI /nologo /W3 /WX- /Od /Oy- /D _MBCS /Gm /EHsc /RTC1 /MD /GS /fp:precise /Zc:wchar_t /Zc:forScope /Fo"Debug\\" /Fd"Debug\vc100.pdb" /Gd /TP /analyze- /errorReport:prompt src\Entity.cpp
         Entity.cpp
       Link:
         C:\Program Files (x86)\Microsoft Visual Studio 10.0\VC\bin\link.exe /ERRORREPORT:PROMPT /OUT:"C:\Users\Araj\Documents\Visual Studio 2010\Projects\AeonWar\Debug\AeonWar.exe" /NOLOGO SDL.lib SDLmain.lib SDL_image.lib kernel32.lib user32.lib gdi32.lib winspool.lib comdlg32.lib advapi32.lib shell32.lib ole32.lib oleaut32.lib uuid.lib odbc32.lib odbccp32.lib /MANIFEST /ManifestFile:"Debug\AeonWar.exe.intermediate.manifest" /MANIFESTUAC:"level='asInvoker' uiAccess='false'" /DEBUG /PDB:"C:\Users\Araj\Documents\Visual Studio 2010\Projects\AeonWar\Debug\AeonWar.pdb" /SUBSYSTEM:WINDOWS /TLBID:1 /DYNAMICBASE /NXCOMPAT /IMPLIB:"C:\Users\Araj\Documents\Visual Studio 2010\Projects\AeonWar\Debug\AeonWar.lib" /MACHINE:X86 Debug\Entity.obj
         Debug\GuiButton.obj
         Debug\GuiObject.obj
         Debug\Map.obj
         Debug\Img.obj
         Debug\main.obj
         Debug\Tile.obj
         LINK : no se encontró C:\Users\Araj\Documents\Visual Studio 2010\Projects\AeonWar\Debug\AeonWar.exe o no lo generó el último vínculo incremental; ejecutando vínculo completo
         AeonWar.vcxproj -> C:\Users\Araj\Documents\Visual Studio 2010\Projects\AeonWar\Debug\AeonWar.exe
       Manifest:
         C:\Program Files (x86)\Microsoft SDKs\Windows\v7.0A\bin\mt.exe /nologo /verbose /outputresource:"C:\Users\Araj\Documents\Visual Studio 2010\Projects\AeonWar\Debug\AeonWar.exe;#1" /manifest Debug\AeonWar.exe.intermediate.manifest
       FinalizeBuildStatus:
         Se eliminará el archivo "Debug\AeonWar.unsuccessfulbuild".
         Aplicando tarea Touch a "Debug\AeonWar.lastbuildstate".
     1>Compilación del proyecto terminada "C:\Users\Araj\Documents\Visual Studio 2010\Projects\AeonWar\AeonWar\AeonWar.vcxproj" (build destinos).

Compilación correcta.

Tiempo transcurrido 00:00:00.39
